Start testing: May 06 17:20 CEST
----------------------------------------------------------
1/1 Testing: HelloTest.BasicAssertions
1/1 Test: HelloTest.BasicAssertions
Command: "/Users/taisonfragao/Documents/crypto-challenge/set-1/challenge1/build/main" "--gtest_filter=HelloTest.BasicAssertions" "--gtest_also_run_disabled_tests"
Directory: /Users/taisonfragao/Documents/crypto-challenge/set-1/challenge1/build
"HelloTest.BasicAssertions" start time: May 06 17:20 CEST
Output:
----------------------------------------------------------
Running main() from /Users/taisonfragao/Documents/crypto-challenge/set-1/challenge1/build/_deps/googletest-src/googletest/src/gtest_main.cc
Note: Google Test filter = HelloTest.BasicAssertions
[==========] Running 1 test from 1 test suite.
[----------] Global test environment set-up.
[----------] 1 test from HelloTest
[ RUN      ] HelloTest.BasicAssertions
[       OK ] HelloTest.BasicAssertions (0 ms)
[----------] 1 test from HelloTest (0 ms total)

[----------] Global test environment tear-down
[==========] 1 test from 1 test suite ran. (0 ms total)
[  PASSED  ] 1 test.
<end of output>
Test time =   0.02 sec
----------------------------------------------------------
Test Passed.
"HelloTest.BasicAssertions" end time: May 06 17:20 CEST
"HelloTest.BasicAssertions" time elapsed: 00:00:00
----------------------------------------------------------

End testing: May 06 17:20 CEST
